Importing: Source(/home/hhh1/PsCom/././test-spec-vmaxnmq-f32.k)
Importing: Source(/home/hhh1/PsCom/test-spec-vmaxnmq-f32.k)
Importing: Source(/home/hhh1/PsCom/armv8-semantics.k)
Importing: Source(/home/hhh1/PsCom/armv8-loader.k)
Importing: Source(/home/hhh1/PsCom/armv8-configuration.k)
Importing: Source(/home/hhh1/PsCom/armv8-syntax.k)
Importing: Source(/home/hhh1/PsCom/armv8-abstract-syntax.k)
Importing: Source(/home/hhh1/PsCom/armv8-mint.k)
Importing: Source(/home/hhh1/PsCom/armv8-conversions.k)
Importing: Source(/home/hhh1/PsCom/vmax.k)
Importing: Source(/home/hhh1/PsCom/armv8-abstract-semantic.k)
Importing: Source(/home/hhh1/PsCom/armv8-verification.k)
Importing: Source(/home/hhh1/PsCom/exit.k)
Importing: Source(/home/hhh1/PsCom/vmaxnm.k)
Importing: Source(/home/hhh1/PsCom/vmov.k)
Importing: Source(/home/hhh1/PsCom/vmaxa.k)
Importing: Source(/home/hhh1/PsCom/vmaxnma.k)
Importing: Source(/home/hhh1/PsCom/vmaxnmv.k)
Importing: Source(/home/hhh1/PsCom/mov.k)
Importing: Source(/home/hhh1/PsCom/vmaxnmav.k)
Importing: Source(/home/hhh1/PsCom/vmaxv.k)
Importing: Source(/home/hhh1/PsCom/vmaxav.k)
Importing: Source(/home/hhh1/PsCom/vmin.k)
Importing: Source(/home/hhh1/PsCom/vmina.k)
Importing: Source(/home/hhh1/PsCom/vminv.k)
Importing: Source(/home/hhh1/PsCom/vminav.k)
Importing: Source(/home/hhh1/PsCom/vminnm.k)
Importing: Source(/home/hhh1/PsCom/vminnma.k)
Importing: Source(/home/hhh1/PsCom/vminnmv.k)
Importing: Source(/home/hhh1/PsCom/vminnmav.k)
Importing: Source(/home/hhh1/PsCom/vmlav.k)
Importing: Source(/home/hhh1/PsCom/add-for-test.k)
Importing: Source(/home/hhh1/PsCom/max-for-test.k)
Importing: Source(/home/hhh1/PsCom/sst.k)
Importing: Source(/home/hhh1/PsCom/ext.k)
Importing: Source(/home/hhh1/PsCom/dtc.k)
Importing: Source(/home/hhh1/PsCom/cmp.k)
Importing: Source(/home/hhh1/PsCom/sto.k)
Parse spec modules [0/571 rules]                             =  0.018s
SMT query  @@@@@

(declare-fun andInt (Int Int) Int)
(declare-fun shlInt (Int Int) Int)
(declare-fun shrInt (Int Int) Int)
(declare-fun xorInt (Int Int) Int)
(declare-fun orInt (Int Int) Int)
(declare-fun notInt (Int) Int)
(declare-fun |N| () Int)
(declare-fun |M| () Int)
(assert (and
  (and
	(= (>= |N| 0) true)
	(= (< |N| 340282366920938463463374607431768211456) true)
	(= (>= |M| 0) true)
	(= (< |M| 340282366920938463463374607431768211456) true))
  (not (and
	(= 0 |N|)))
))
SMT query  #####

SMT query  @@@@@

(declare-fun andInt (Int Int) Int)
(declare-fun shlInt (Int Int) Int)
(declare-fun shrInt (Int Int) Int)
(declare-fun xorInt (Int Int) Int)
(declare-fun orInt (Int Int) Int)
(declare-fun notInt (Int) Int)
(declare-fun |N| () Int)
(declare-fun |M| () Int)
(assert (and
  (and
	(= (>= |N| 0) true)
	(= (< |N| 340282366920938463463374607431768211456) true)
	(= (>= |M| 0) true)
	(= (< |M| 340282366920938463463374607431768211456) true))
  (not (and
	(= 0 |M|)))
))
SMT query  #####

SMT query  @@@@@

(declare-fun andInt (Int Int) Int)
(declare-fun shlInt (Int Int) Int)
(declare-fun shrInt (Int Int) Int)
(declare-fun xorInt (Int Int) Int)
(declare-fun orInt (Int Int) Int)
(declare-fun notInt (Int) Int)
(declare-fun |N| () Int)
(declare-fun |M| () Int)
(assert (and
  (and
	(= (>= |N| 0) true)
	(= (< |N| 340282366920938463463374607431768211456) true)
	(= (>= |M| 0) true)
	(= (< |M| 340282366920938463463374607431768211456) true))
  (not (and
	(= (< |N| 0) true)))
))
SMT query  #####

SMT query  @@@@@

(declare-fun andInt (Int Int) Int)
(declare-fun shlInt (Int Int) Int)
(declare-fun shrInt (Int Int) Int)
(declare-fun xorInt (Int Int) Int)
(declare-fun orInt (Int Int) Int)
(declare-fun notInt (Int) Int)
(declare-fun |N| () Int)
(declare-fun |M| () Int)
(assert (and
  (and
	(= (>= |N| 0) true)
	(= (< |N| 340282366920938463463374607431768211456) true)
	(= (>= |M| 0) true)
	(= (< |M| 340282366920938463463374607431768211456) true))
  (not (and
	(= (< |N| 8388608) true)))
))
SMT query  #####

SMT query  @@@@@

(declare-fun andInt (Int Int) Int)
(declare-fun shlInt (Int Int) Int)
(declare-fun shrInt (Int Int) Int)
(declare-fun xorInt (Int Int) Int)
(declare-fun orInt (Int Int) Int)
(declare-fun notInt (Int) Int)
(declare-fun |N| () Int)
(declare-fun |M| () Int)
(assert (and
  (and
	(= (>= |N| 0) true)
	(= (< |N| 340282366920938463463374607431768211456) true)
	(= (>= |M| 0) true)
	(= (< |M| 340282366920938463463374607431768211456) true))
  (not (and
	(= (< |M| 0) true)))
))
SMT query  #####

SMT query  @@@@@

(declare-fun andInt (Int Int) Int)
(declare-fun shlInt (Int Int) Int)
(declare-fun shrInt (Int Int) Int)
(declare-fun xorInt (Int Int) Int)
(declare-fun orInt (Int Int) Int)
(declare-fun notInt (Int) Int)
(declare-fun |N| () Int)
(declare-fun |M| () Int)
(assert (and
  (and
	(= (>= |N| 0) true)
	(= (< |N| 340282366920938463463374607431768211456) true)
	(= (>= |M| 0) true)
	(= (< |M| 340282366920938463463374607431768211456) true))
  (not (and
	(= (< |M| 8388608) true)))
))
SMT query  #####

SMT query  @@@@@

(declare-fun andInt (Int Int) Int)
(declare-fun shlInt (Int Int) Int)
(declare-fun shrInt (Int Int) Int)
(declare-fun xorInt (Int Int) Int)
(declare-fun orInt (Int Int) Int)
(declare-fun notInt (Int) Int)
(declare-fun |N| () Int)
(declare-fun |M| () Int)
(assert (and
  (and
	(= (>= |N| 0) true)
	(= (< |N| 340282366920938463463374607431768211456) true)
	(= (>= |M| 0) true)
	(= (< |M| 340282366920938463463374607431768211456) true))
  (not (and
	(= (< |M| 4294967296) true)))
))
SMT query  #####

SMT query  @@@@@

(declare-fun andInt (Int Int) Int)
(declare-fun shlInt (Int Int) Int)
(declare-fun shrInt (Int Int) Int)
(declare-fun xorInt (Int Int) Int)
(declare-fun orInt (Int Int) Int)
(declare-fun notInt (Int) Int)
(declare-fun |N| () Int)
(declare-fun |M| () Int)
(assert (and
  (and
	(= (>= |N| 0) true)
	(= (< |N| 340282366920938463463374607431768211456) true)
	(= (>= |M| 0) true)
	(= (< |M| 340282366920938463463374607431768211456) true))
  (not (and
	(= (< |N| 4294967296) true)))
))
SMT query  #####

SMT query  @@@@@

(declare-fun andInt (Int Int) Int)
(declare-fun shlInt (Int Int) Int)
(declare-fun shrInt (Int Int) Int)
(declare-fun xorInt (Int Int) Int)
(declare-fun orInt (Int Int) Int)
(declare-fun notInt (Int) Int)
(declare-fun |N| () Int)
(declare-fun |M| () Int)
(assert (and
  (and
	(= (>= |N| 0) true)
	(= (< |N| 340282366920938463463374607431768211456) true)
	(= (>= |M| 0) true)
	(= (< |M| 340282366920938463463374607431768211456) true))
  (not (and
	(= (>= |N| 340282366920938463463374607431768211456) true)))
))
SMT query  #####

SMT query  @@@@@

(declare-fun andInt (Int Int) Int)
(declare-fun shlInt (Int Int) Int)
(declare-fun shrInt (Int Int) Int)
(declare-fun xorInt (Int Int) Int)
(declare-fun orInt (Int Int) Int)
(declare-fun notInt (Int) Int)
(declare-fun |N| () Int)
(declare-fun |M| () Int)
(assert (and
  (and
	(= (>= |N| 0) true)
	(= (< |N| 340282366920938463463374607431768211456) true)
	(= (>= |M| 0) true)
	(= (< |M| 340282366920938463463374607431768211456) true))
  (not (and
	(= (>= |M| 340282366920938463463374607431768211456) true)))
))
SMT query  #####

SMT query  @@@@@

(declare-fun andInt (Int Int) Int)
(declare-fun shlInt (Int Int) Int)
(declare-fun shrInt (Int Int) Int)
(declare-fun xorInt (Int Int) Int)
(declare-fun orInt (Int Int) Int)
(declare-fun notInt (Int) Int)
(declare-fun |N_729| () Int)
(declare-fun |M_728| () Int)
(assert (and
  (and
	(= (>= |N_729| 0) true)
	(= (< |N_729| 340282366920938463463374607431768211456) true)
	(= (>= |M_728| 0) true)
	(= (< |M_728| 340282366920938463463374607431768211456) true))
  (not (and
	(= 0 |N_729|)))
))
SMT query  #####

SMT query  @@@@@

(declare-fun andInt (Int Int) Int)
(declare-fun shlInt (Int Int) Int)
(declare-fun shrInt (Int Int) Int)
(declare-fun xorInt (Int Int) Int)
(declare-fun orInt (Int Int) Int)
(declare-fun notInt (Int) Int)
(declare-fun |N_729| () Int)
(declare-fun |M_728| () Int)
(assert (and
  (and
	(= (>= |N_729| 0) true)
	(= (< |N_729| 340282366920938463463374607431768211456) true)
	(= (>= |M_728| 0) true)
	(= (< |M_728| 340282366920938463463374607431768211456) true))
  (not (and
	(= 0 |M_728|)))
))
SMT query  #####

SMT query  @@@@@

(declare-fun andInt (Int Int) Int)
(declare-fun shlInt (Int Int) Int)
(declare-fun shrInt (Int Int) Int)
(declare-fun xorInt (Int Int) Int)
(declare-fun orInt (Int Int) Int)
(declare-fun notInt (Int) Int)
(declare-fun |N_729| () Int)
(declare-fun |M_728| () Int)
(assert (and
  (and
	(= (>= |N_729| 0) true)
	(= (< |N_729| 340282366920938463463374607431768211456) true)
	(= (>= |M_728| 0) true)
	(= (< |M_728| 340282366920938463463374607431768211456) true))
  (not (and
	(= (< |N_729| 0) true)))
))
SMT query  #####

SMT query  @@@@@

(declare-fun andInt (Int Int) Int)
(declare-fun shlInt (Int Int) Int)
(declare-fun shrInt (Int Int) Int)
(declare-fun xorInt (Int Int) Int)
(declare-fun orInt (Int Int) Int)
(declare-fun notInt (Int) Int)
(declare-fun |N_729| () Int)
(declare-fun |M_728| () Int)
(assert (and
  (and
	(= (>= |N_729| 0) true)
	(= (< |N_729| 340282366920938463463374607431768211456) true)
	(= (>= |M_728| 0) true)
	(= (< |M_728| 340282366920938463463374607431768211456) true))
  (not (and
	(= (< |N_729| 8388608) true)))
))
SMT query  #####

SMT query  @@@@@

(declare-fun andInt (Int Int) Int)
(declare-fun shlInt (Int Int) Int)
(declare-fun shrInt (Int Int) Int)
(declare-fun xorInt (Int Int) Int)
(declare-fun orInt (Int Int) Int)
(declare-fun notInt (Int) Int)
(declare-fun |N_729| () Int)
(declare-fun |M_728| () Int)
(assert (and
  (and
	(= (>= |N_729| 0) true)
	(= (< |N_729| 340282366920938463463374607431768211456) true)
	(= (>= |M_728| 0) true)
	(= (< |M_728| 340282366920938463463374607431768211456) true))
  (not (and
	(= (< |M_728| 0) true)))
))
SMT query  #####

SMT query  @@@@@

(declare-fun andInt (Int Int) Int)
(declare-fun shlInt (Int Int) Int)
(declare-fun shrInt (Int Int) Int)
(declare-fun xorInt (Int Int) Int)
(declare-fun orInt (Int Int) Int)
(declare-fun notInt (Int) Int)
(declare-fun |N_729| () Int)
(declare-fun |M_728| () Int)
(assert (and
  (and
	(= (>= |N_729| 0) true)
	(= (< |N_729| 340282366920938463463374607431768211456) true)
	(= (>= |M_728| 0) true)
	(= (< |M_728| 340282366920938463463374607431768211456) true))
  (not (and
	(= (< |M_728| 8388608) true)))
))
SMT query  #####

SMT query  @@@@@

(declare-fun andInt (Int Int) Int)
(declare-fun shlInt (Int Int) Int)
(declare-fun shrInt (Int Int) Int)
(declare-fun xorInt (Int Int) Int)
(declare-fun orInt (Int Int) Int)
(declare-fun notInt (Int) Int)
(declare-fun |N_729| () Int)
(declare-fun |M_728| () Int)
(assert (and
  (and
	(= (>= |N_729| 0) true)
	(= (< |N_729| 340282366920938463463374607431768211456) true)
	(= (>= |M_728| 0) true)
	(= (< |M_728| 340282366920938463463374607431768211456) true))
  (not (and
	(= (< |M_728| 4294967296) true)))
))
SMT query  #####

SMT query  @@@@@

(declare-fun andInt (Int Int) Int)
(declare-fun shlInt (Int Int) Int)
(declare-fun shrInt (Int Int) Int)
(declare-fun xorInt (Int Int) Int)
(declare-fun orInt (Int Int) Int)
(declare-fun notInt (Int) Int)
(declare-fun |N_729| () Int)
(declare-fun |M_728| () Int)
(assert (and
  (and
	(= (>= |N_729| 0) true)
	(= (< |N_729| 340282366920938463463374607431768211456) true)
	(= (>= |M_728| 0) true)
	(= (< |M_728| 340282366920938463463374607431768211456) true))
  (not (and
	(= (< |N_729| 4294967296) true)))
))
SMT query  #####

SMT query  @@@@@

(declare-fun andInt (Int Int) Int)
(declare-fun shlInt (Int Int) Int)
(declare-fun shrInt (Int Int) Int)
(declare-fun xorInt (Int Int) Int)
(declare-fun orInt (Int Int) Int)
(declare-fun notInt (Int) Int)
(declare-fun |N_729| () Int)
(declare-fun |M_728| () Int)
(assert (and
  (and
	(= (>= |N_729| 0) true)
	(= (< |N_729| 340282366920938463463374607431768211456) true)
	(= (>= |M_728| 0) true)
	(= (< |M_728| 340282366920938463463374607431768211456) true))
  (not (and
	(= (>= |N_729| 340282366920938463463374607431768211456) true)))
))
SMT query  #####

SMT query  @@@@@

(declare-fun andInt (Int Int) Int)
(declare-fun shlInt (Int Int) Int)
(declare-fun shrInt (Int Int) Int)
(declare-fun xorInt (Int Int) Int)
(declare-fun orInt (Int Int) Int)
(declare-fun notInt (Int) Int)
(declare-fun |N_729| () Int)
(declare-fun |M_728| () Int)
(assert (and
  (and
	(= (>= |N_729| 0) true)
	(= (< |N_729| 340282366920938463463374607431768211456) true)
	(= (>= |M_728| 0) true)
	(= (< |M_728| 340282366920938463463374607431768211456) true))
  (not (and
	(= (>= |M_728| 340282366920938463463374607431768211456) true)))
))
SMT query  #####

SMT query  @@@@@

(declare-fun andInt (Int Int) Int)
(declare-fun shlInt (Int Int) Int)
(declare-fun shrInt (Int Int) Int)
(declare-fun xorInt (Int Int) Int)
(declare-fun orInt (Int Int) Int)
(declare-fun notInt (Int) Int)
(declare-fun |N_729| () Int)
(declare-fun |M_728| () Int)
(assert (and
  (and
	(= (>= |N_729| 0) true)
	(= (< |N_729| 340282366920938463463374607431768211456) true)
	(= (>= |M_728| 0) true)
	(= (< |M_728| 340282366920938463463374607431768211456) true))
  (not (and
	(= (< |N_729| 65536) true)))
))
SMT query  #####

SMT query  @@@@@

(declare-fun andInt (Int Int) Int)
(declare-fun shlInt (Int Int) Int)
(declare-fun shrInt (Int Int) Int)
(declare-fun xorInt (Int Int) Int)
(declare-fun orInt (Int Int) Int)
(declare-fun notInt (Int) Int)
(declare-fun |N_729| () Int)
(declare-fun |M_728| () Int)
(assert (and
  (and
	(= (>= |N_729| 0) true)
	(= (< |N_729| 340282366920938463463374607431768211456) true)
	(= (>= |M_728| 0) true)
	(= (< |M_728| 340282366920938463463374607431768211456) true))
  (not (and
	(= (< |M_728| 65536) true)))
))
SMT query  #####

SMT query  @@@@@

(declare-fun andInt (Int Int) Int)
(declare-fun shlInt (Int Int) Int)
(declare-fun shrInt (Int Int) Int)
(declare-fun xorInt (Int Int) Int)
(declare-fun orInt (Int Int) Int)
(declare-fun notInt (Int) Int)
(declare-fun |N_729| () Int)
(declare-fun |M_728| () Int)
(assert (and
  (and
	(= (>= |N_729| 0) true)
	(= (< |N_729| 340282366920938463463374607431768211456) true)
	(= (>= |M_728| 0) true)
	(= (< |M_728| 340282366920938463463374607431768211456) true))
  (not (and
	(= (< |M_728| 1024) true)))
))
SMT query  #####

SMT query  @@@@@

(declare-fun andInt (Int Int) Int)
(declare-fun shlInt (Int Int) Int)
(declare-fun shrInt (Int Int) Int)
(declare-fun xorInt (Int Int) Int)
(declare-fun orInt (Int Int) Int)
(declare-fun notInt (Int) Int)
(declare-fun |N_729| () Int)
(declare-fun |M_728| () Int)
(assert (and
  (and
	(= (>= |N_729| 0) true)
	(= (< |N_729| 340282366920938463463374607431768211456) true)
	(= (>= |M_728| 0) true)
	(= (< |M_728| 340282366920938463463374607431768211456) true))
  (not (and
	(= (< |N_729| 1024) true)))
))
SMT query  #####

SMT query  @@@@@

(declare-fun andInt (Int Int) Int)
(declare-fun shlInt (Int Int) Int)
(declare-fun shrInt (Int Int) Int)
(declare-fun xorInt (Int Int) Int)
(declare-fun orInt (Int Int) Int)
(declare-fun notInt (Int) Int)
(declare-fun |N_729| () Int)
(declare-fun |M_728| () Int)
(declare-fun |_26_755| () Int)
(assert (and
  (and
	(= (>= |N_729| 0) true)
	(= (< |N_729| 340282366920938463463374607431768211456) true)
	(= (>= |M_728| 0) true)
	(= (< |M_728| 340282366920938463463374607431768211456) true))
  (not (and
	(= 0 |_26_755|)))
))
SMT query  #####

SMT query  @@@@@

(declare-fun andInt (Int Int) Int)
(declare-fun shlInt (Int Int) Int)
(declare-fun shrInt (Int Int) Int)
(declare-fun xorInt (Int Int) Int)
(declare-fun orInt (Int Int) Int)
(declare-fun notInt (Int) Int)
(declare-fun |N_729| () Int)
(declare-fun |M_728| () Int)
(declare-fun |_17_746| () Int)
(assert (and
  (and
	(= (>= |N_729| 0) true)
	(= (< |N_729| 340282366920938463463374607431768211456) true)
	(= (>= |M_728| 0) true)
	(= (< |M_728| 340282366920938463463374607431768211456) true))
  (not (and
	(= 0 |_17_746|)))
))
SMT query  #####

SMT query  @@@@@

(declare-fun andInt (Int Int) Int)
(declare-fun shlInt (Int Int) Int)
(declare-fun shrInt (Int Int) Int)
(declare-fun xorInt (Int Int) Int)
(declare-fun orInt (Int Int) Int)
(declare-fun notInt (Int) Int)
(declare-fun |N_729| () Int)
(declare-fun |M_728| () Int)
(declare-fun |_27_756| () Int)
(assert (and
  (and
	(= (>= |N_729| 0) true)
	(= (< |N_729| 340282366920938463463374607431768211456) true)
	(= (>= |M_728| 0) true)
	(= (< |M_728| 340282366920938463463374607431768211456) true))
  (not (and
	(= 0 |_27_756|)))
))
SMT query  #####

SMT query  @@@@@

(declare-fun andInt (Int Int) Int)
(declare-fun shlInt (Int Int) Int)
(declare-fun shrInt (Int Int) Int)
(declare-fun xorInt (Int Int) Int)
(declare-fun orInt (Int Int) Int)
(declare-fun notInt (Int) Int)
(declare-fun |N_729| () Int)
(declare-fun |M_728| () Int)
(declare-fun |_28_757| () Int)
(assert (and
  (and
	(= (>= |N_729| 0) true)
	(= (< |N_729| 340282366920938463463374607431768211456) true)
	(= (>= |M_728| 0) true)
	(= (< |M_728| 340282366920938463463374607431768211456) true))
  (not (and
	(= 0 |_28_757|)))
))
SMT query  #####

SMT query  @@@@@

(declare-fun andInt (Int Int) Int)
(declare-fun shlInt (Int Int) Int)
(declare-fun shrInt (Int Int) Int)
(declare-fun xorInt (Int Int) Int)
(declare-fun orInt (Int Int) Int)
(declare-fun notInt (Int) Int)
(declare-fun |N_729| () Int)
(declare-fun |M_728| () Int)
(declare-fun |_29_758| () Int)
(assert (and
  (and
	(= (>= |N_729| 0) true)
	(= (< |N_729| 340282366920938463463374607431768211456) true)
	(= (>= |M_728| 0) true)
	(= (< |M_728| 340282366920938463463374607431768211456) true))
  (not (and
	(= 0 |_29_758|)))
))
SMT query  #####

#True
